<?xml version="1.0" encoding="UTF-8"?>
<!-- Generated by org.testng.reporters.JUnitReportReporter -->
<testsuite hostname="LAPTOP-9LRUDKQ3" failures="0" tests="1" name="org.caps.ReadData" time="1.980" errors="0" timestamp="2024-03-24T12:24:53 IST" skipped="0">
  <testcase classname="org.caps.ReadData" name="testBrowser" time="1.980"/>
  <system-out/>
</testsuite> <!-- org.caps.ReadData -->
